{
  "0 debug pnpm:scope": {
    "selected": 1
  },
  "1 error pnpm": {
    "code": "ELIFECYCLE",
    "errno": "ENOENT",
    "syscall": "spawn",
    "file": "sh",
    "pkgid": "preact@0.0.0",
    "stage": "build",
    "script": "vite build",
    "pkgname": "preact",
    "err": {
      "name": "pnpm",
      "message": "preact@0.0.0 build: `vite build`\nspawn ENOENT",
      "code": "ELIFECYCLE",
      "stack": "pnpm: preact@0.0.0 build: `vite build`\nspawn ENOENT\n    at ChildProcess.<anonymous> (/home/sid/.node_modules/pnpm-global/5/node_modules/.pnpm/pnpm@6.20.2/node_modules/pnpm/dist/pnpm.cjs:91248:22)\n    at ChildProcess.emit (node:events:394:28)\n    at maybeClose (node:internal/child_process:1064:16)\n    at Process.ChildProcess._handle.onexit (node:internal/child_process:301:5)"
    }
  },
  "2 warn pnpm:global": " Local package.json exists, but node_modules missing, did you mean to install?"
}